<?xml version="1.0" encoding="UTF-8"?>
<!-- Generated by org.testng.reporters.JUnitReportReporter -->
<testsuite hostname="Uttamchandani-PC" failures="0" tests="5" name="com.google.test.TestCalculator" time="0.044" errors="0" timestamp="2022-02-25T16:56:13 IST" skipped="0">
  <testcase classname="com.google.test.TestCalculator" name="testAddOp1AsLessThan0" time="0.005"/>
  <system-out/>
  <testcase classname="com.google.test.TestCalculator" name="testAddValidData" time="0.001"/>
  <system-out/>
  <testcase classname="com.google.test.TestCalculator" name="testAddOp2As0" time="0.003"/>
  <system-out/>
  <testcase classname="com.google.test.TestCalculator" name="testAddOp2AsLessThan0" time="0.003"/>
  <system-out/>
  <testcase classname="com.google.test.TestCalculator" name="testAddOp1As0" time="0.032"/>
  <system-out/>
</testsuite> <!-- com.google.test.TestCalculator -->
